18:42:39.968 [main] INFO  c.p.t.p.m.MicroserviceApplication - Starting MicroserviceApplication on DELL-1D11NH2 with PID 5480 (C:\Users\User\Documents\ApiPopulationMicroservice\target\classes started by User in C:\Users\User\Documents\ApiPopulationMicroservice)
18:42:39.973 [main] INFO  c.p.t.p.m.MicroserviceApplication - No active profile set, falling back to default profiles: default
18:42:40.106 [main] INFO  o.s.b.w.s.c.AnnotationConfigServletWebServerApplicationContext - Refreshing org.springframework.boot.web.servlet.context.AnnotationConfigServletWebServerApplicationContext@35047d03: startup date [Sat May 05 18:42:40 CEST 2018]; root of context hierarchy
18:42:41.003 [main] INFO  o.s.b.f.a.AutowiredAnnotationBeanPostProcessor - JSR-330 'javax.inject.Inject' annotation found and supported for autowiring
18:42:41.687 [main] INFO  o.s.b.w.e.tomcat.TomcatWebServer - Tomcat initialized with port(s): 8080 (http)
18:42:41.704 [main] INFO  o.a.coyote.http11.Http11NioProtocol - Initializing ProtocolHandler ["http-nio-8080"]
18:42:41.715 [main] INFO  o.a.catalina.core.StandardService - Starting service [Tomcat]
18:42:41.715 [main] INFO  o.a.catalina.core.StandardEngine - Starting Servlet Engine: Apache Tomcat/8.5.29
18:42:41.725 [localhost-startStop-1] INFO  o.a.c.core.AprLifecycleListener - The APR based Apache Tomcat Native library which allows optimal performance in production environments was not found on the java.library.path: [C:\Program Files\Java\jdk1.8.0_152\bin;C:\Windows\Sun\Java\bin;C:\Windows\system32;C:\Windows;C:\Program Files (x86)\Intel\iCLS Client\;C:\Program Files\Intel\iCLS Client\;C:\ProgramData\Oracle\Java\javapath;C:\Windows\system32;C:\Windows;C:\Windows\System32\Wbem;C:\Windows\System32\WindowsPowerShell\v1.0\;C:\Program Files\Intel\WiFi\bin\;C:\Program Files\Common Files\Intel\WirelessCommon\;C:\Program Files\PuTTY\;C:\Program Files\TortoiseGit\bin;C:\Program Files\TortoiseSVN\bin;C:\Program Files (x86)\Intel\UCRT\;C:\Program Files\Intel\UCRT\;C:\Program Files (x86)\Intel\Intel(R) Management Engine Components\DAL;C:\Program Files\Intel\Intel(R) Management Engine Components\DAL;C:\Program Files (x86)\Intel\Intel(R) Management Engine Components\IPT;C:\Program Files\Intel\Intel(R) Management Engine Components\IPT;C:\ProgramData\chocolatey\bin;C:\Program Files\MongoDB\Server\3.4\bin;C:\Program Files\Java\jdk1.8.0_152\bin;C:\Program Files\nodejs\;C:\Program Files\SlikSvn\bin;C:\Program Files\dotnet\;C:\Program Files\Git\cmd;;C:\Program Files\Oracle\VirtualBox;;C:\Program Files\Docker Toolbox;C:\Users\User\AppData\Roaming\npm;C:\Program Files\Microsoft VS Code\bin;.]
18:42:41.845 [localhost-startStop-1] INFO  o.a.c.c.C.[Tomcat].[localhost].[/] - Initializing Spring embedded WebApplicationContext
18:42:41.846 [localhost-startStop-1] INFO  o.s.web.context.ContextLoader - Root WebApplicationContext: initialization completed in 1758 ms
18:42:41.936 [localhost-startStop-1] INFO  o.s.b.w.s.ServletRegistrationBean - Servlet dispatcherServlet mapped to [/]
18:42:41.940 [localhost-startStop-1] INFO  o.s.b.w.s.FilterRegistrationBean - Mapping filter: 'characterEncodingFilter' to: [/*]
18:42:42.069 [main] INFO  o.s.w.s.m.m.a.RequestMappingHandlerMapping - Mapped "{[/ajax/countries],methods=[GET]}" onto public java.lang.String com.piotrchabros.task.population.microservice.rest.api.microservice.MicroserviceRestController.getCountries()
18:42:42.070 [main] INFO  o.s.w.s.m.m.a.RequestMappingHandlerMapping - Mapped "{[/ajax/population/{country}/{date}],methods=[GET]}" onto public java.lang.String com.piotrchabros.task.population.microservice.rest.api.microservice.MicroserviceRestController.getPopulation(java.lang.String,java.lang.String)
18:42:42.070 [main] INFO  o.s.w.s.m.m.a.RequestMappingHandlerMapping - Mapped "{[/ajax/lifeExpectancy/{sex}/{country}/{date}],methods=[GET]}" onto public java.lang.String com.piotrchabros.task.population.microservice.rest.api.microservice.MicroserviceRestController.getLifeExpectancy(java.lang.String,java.lang.String,java.lang.String)
18:42:42.070 [main] INFO  o.s.w.s.m.m.a.RequestMappingHandlerMapping - Mapped "{[/]}" onto public java.lang.String com.piotrchabros.task.population.microservice.rest.controller.HomepageController.index()
18:42:42.074 [main] INFO  o.s.w.s.m.m.a.RequestMappingHandlerMapping - Mapped "{[/error]}" onto public org.springframework.http.ResponseEntity<java.util.Map<java.lang.String, java.lang.Object>> org.springframework.boot.autoconfigure.web.servlet.error.BasicErrorController.error(javax.servlet.http.HttpServletRequest)
18:42:42.075 [main] INFO  o.s.w.s.m.m.a.RequestMappingHandlerMapping - Mapped "{[/error],produces=[text/html]}" onto public org.springframework.web.servlet.ModelAndView org.springframework.boot.autoconfigure.web.servlet.error.BasicErrorController.errorHtml(javax.servlet.http.HttpServletRequest,javax.servlet.http.HttpServletResponse)
18:42:42.103 [main] INFO  o.s.w.s.h.SimpleUrlHandlerMapping - Mapped URL path [/webjars/**] onto handler of type [class org.springframework.web.servlet.resource.ResourceHttpRequestHandler]
18:42:42.103 [main] INFO  o.s.w.s.h.SimpleUrlHandlerMapping - Mapped URL path [/js/**] onto handler of type [class org.springframework.web.servlet.resource.ResourceHttpRequestHandler]
18:42:42.103 [main] INFO  o.s.w.s.h.SimpleUrlHandlerMapping - Mapped URL path [/css/**] onto handler of type [class org.springframework.web.servlet.resource.ResourceHttpRequestHandler]
18:42:42.139 [main] INFO  o.s.w.s.m.m.a.RequestMappingHandlerAdapter - Looking for @ControllerAdvice: org.springframework.boot.web.servlet.context.AnnotationConfigServletWebServerApplicationContext@35047d03: startup date [Sat May 05 18:42:40 CEST 2018]; root of context hierarchy
18:42:42.178 [main] INFO  o.s.w.s.m.m.a.ExceptionHandlerExceptionResolver - Detected @ExceptionHandler methods in restExceptionHandler
18:42:42.448 [main] INFO  o.s.j.e.a.AnnotationMBeanExporter - Registering beans for JMX exposure on startup
18:42:42.458 [main] INFO  o.a.coyote.http11.Http11NioProtocol - Starting ProtocolHandler ["http-nio-8080"]
18:42:42.578 [main] INFO  o.a.tomcat.util.net.NioSelectorPool - Using a shared selector for servlet write/read
18:42:42.590 [main] INFO  o.s.b.w.e.tomcat.TomcatWebServer - Tomcat started on port(s): 8080 (http) with context path ''
18:42:42.594 [main] INFO  c.p.t.p.m.MicroserviceApplication - Started MicroserviceApplication in 3.013 seconds (JVM running for 3.545)
